# JRE version: OpenJDK Runtime Environment Temurin-21.0.6+7 (21.0.6+7) (build 21.0.6+7-LTS)
# Java VM: OpenJDK 64-Bit Server VM Temurin-21.0.6+7 (21.0.6+7-LTS, mixed mode, sharing, tiered, compressed oops, compressed class ptrs, parallel gc, windows-amd64)
GC Precious Log:
 CardTable entry size: 512
 CPUs: 12 total, 12 available
 Memory: 7598M
 Large Page Support: Disabled
 NUMA Support: Disabled
 Compressed Oops: Enabled (32-bit)
 Alignments: Space 512K, Generation 512K, Heap 2M
 Heap Min Capacity: 100M
 Heap Initial Capacity: 100M
 Heap Max Capacity: 1G
 Pre-touch: Disabled
 Parallel Workers: 10
Heap:
 PSYoungGen      total 2048K, used 1198K [0x00000000eab00000, 0x00000000eae80000, 0x0000000100000000)
  eden space 1536K, 58% used [0x00000000eab00000,0x00000000eabdef10,0x00000000eac80000)
  from space 512K, 59% used [0x00000000eae00000,0x00000000eae4c998,0x00000000eae80000)
  to   space 512K, 0% used [0x00000000ead80000,0x00000000ead80000,0x00000000eae00000)
 ParOldGen       total 603648K, used 603480K [0x00000000c0000000, 0x00000000e4d80000, 0x00000000eab00000)
  object space 603648K, 99% used [0x00000000c0000000,0x00000000e4d561d8,0x00000000e4d80000)
 Metaspace       used 78443K, committed 80064K, reserved 1179648K
  class space    used 8186K, committed 8896K, reserved 1048576K
GC Heap History (20 events):
Event: 736.406 GC heap before
{Heap before GC invocations=492 (full 3):
 PSYoungGen      total 2048K, used 1824K [0x00000000eab00000, 0x00000000eae80000, 0x0000000100000000)
  eden space 1536K, 100% used [0x00000000eab00000,0x00000000eac80000,0x00000000eac80000)
  from space 512K, 56% used [0x00000000eae00000,0x00000000eae48000,0x00000000eae80000)
  to   space 512K, 0% used [0x00000000ead80000,0x00000000ead80000,0x00000000eae00000)
 ParOldGen       total 602624K, used 602363K [0x00000000c0000000, 0x00000000e4c80000, 0x00000000eab00000)
  object space 602624K, 99% used [0x00000000c0000000,0x00000000e4c3ed38,0x00000000e4c80000)
 Metaspace       used 76756K, committed 78336K, reserved 1179648K
  class space    used 7984K, committed 8704K, reserved 1048576K
}
Event: 736.408 GC heap after
{Heap after GC invocations=492 (full 3):
 PSYoungGen      total 2048K, used 320K [0x00000000eab00000, 0x00000000eae80000, 0x0000000100000000)
  eden space 1536K, 0% used [0x00000000eab00000,0x00000000eab00000,0x00000000eac80000)
  from space 512K, 62% used [0x00000000ead80000,0x00000000eadd0000,0x00000000eae00000)
  to   space 512K, 0% used [0x00000000eae00000,0x00000000eae00000,0x00000000eae80000)
 ParOldGen       total 602624K, used 602443K [0x00000000c0000000, 0x00000000e4c80000, 0x00000000eab00000)
  object space 602624K, 99% used [0x00000000c0000000,0x00000000e4c52d38,0x00000000e4c80000)
 Metaspace       used 76756K, committed 78336K, reserved 1179648K
  class space    used 7984K, committed 8704K, reserved 1048576K
}
Event: 736.440 GC heap before
{Heap before GC invocations=493 (full 3):
 PSYoungGen      total 2048K, used 1856K [0x00000000eab00000, 0x00000000eae80000, 0x0000000100000000)
  eden space 1536K, 100% used [0x00000000eab00000,0x00000000eac80000,0x00000000eac80000)
  from space 512K, 62% used [0x00000000ead80000,0x00000000eadd0000,0x00000000eae00000)
  to   space 512K, 0% used [0x00000000eae00000,0x00000000eae00000,0x00000000eae80000)
 ParOldGen       total 602624K, used 602443K [0x00000000c0000000, 0x00000000e4c80000, 0x00000000eab00000)
  object space 602624K, 99% used [0x00000000c0000000,0x00000000e4c52d38,0x00000000e4c80000)
 Metaspace       used 76977K, committed 78592K, reserved 1179648K
  class space    used 8004K, committed 8768K, reserved 1048576K
}
Event: 736.442 GC heap after
{Heap after GC invocations=493 (full 3):
 PSYoungGen      total 2048K, used 320K [0x00000000eab00000, 0x00000000eae80000, 0x0000000100000000)
  eden space 1536K, 0% used [0x00000000eab00000,0x00000000eab00000,0x00000000eac80000)
  from space 512K, 62% used [0x00000000eae00000,0x00000000eae50000,0x00000000eae80000)
  to   space 512K, 0% used [0x00000000ead80000,0x00000000ead80000,0x00000000eae00000)
 ParOldGen       total 602624K, used 602523K [0x00000000c0000000, 0x00000000e4c80000, 0x00000000eab00000)
  object space 602624K, 99% used [0x00000000c0000000,0x00000000e4c66d38,0x00000000e4c80000)
 Metaspace       used 76977K, committed 78592K, reserved 1179648K
  class space    used 8004K, committed 8768K, reserved 1048576K
}
Event: 736.516 GC heap before
{Heap before GC invocations=494 (full 3):
 PSYoungGen      total 2048K, used 1856K [0x00000000eab00000, 0x00000000eae80000, 0x0000000100000000)
  eden space 1536K, 100% used [0x00000000eab00000,0x00000000eac80000,0x00000000eac80000)
  from space 512K, 62% used [0x00000000eae00000,0x00000000eae50000,0x00000000eae80000)
  to   space 512K, 0% used [0x00000000ead80000,0x00000000ead80000,0x00000000eae00000)
 ParOldGen       total 602624K, used 602523K [0x00000000c0000000, 0x00000000e4c80000, 0x00000000eab00000)
  object space 602624K, 99% used [0x00000000c0000000,0x00000000e4c66d38,0x00000000e4c80000)
 Metaspace       used 77162K, committed 78784K, reserved 1179648K
  class space    used 8026K, committed 8768K, reserved 1048576K
}
Event: 736.518 GC heap after
{Heap after GC invocations=494 (full 3):
 PSYoungGen      total 2048K, used 288K [0x00000000eab00000, 0x00000000eae80000, 0x0000000100000000)
  eden space 1536K, 0% used [0x00000000eab00000,0x00000000eab00000,0x00000000eac80000)
  from space 512K, 56% used [0x00000000ead80000,0x00000000eadc8000,0x00000000eae00000)
  to   space 512K, 0% used [0x00000000eae00000,0x00000000eae00000,0x00000000eae80000)
 ParOldGen       total 602624K, used 602579K [0x00000000c0000000, 0x00000000e4c80000, 0x00000000eab00000)
  object space 602624K, 99% used [0x00000000c0000000,0x00000000e4c74d38,0x00000000e4c80000)
 Metaspace       used 77162K, committed 78784K, reserved 1179648K
  class space    used 8026K, committed 8768K, reserved 1048576K
}
Event: 738.844 GC heap before
{Heap before GC invocations=495 (full 3):
 PSYoungGen      total 2048K, used 1809K [0x00000000eab00000, 0x00000000eae80000, 0x0000000100000000)
  eden space 1536K, 99% used [0x00000000eab00000,0x00000000eac7c488,0x00000000eac80000)
  from space 512K, 56% used [0x00000000ead80000,0x00000000eadc8000,0x00000000eae00000)
  to   space 512K, 0% used [0x00000000eae00000,0x00000000eae00000,0x00000000eae80000)
 ParOldGen       total 602624K, used 602579K [0x00000000c0000000, 0x00000000e4c80000, 0x00000000eab00000)
  object space 602624K, 99% used [0x00000000c0000000,0x00000000e4c74d38,0x00000000e4c80000)
 Metaspace       used 77357K, committed 79040K, reserved 1179648K
  class space    used 8052K, committed 8832K, reserved 1048576K
}
Event: 738.848 GC heap after
{Heap after GC invocations=495 (full 3):
 PSYoungGen      total 2048K, used 288K [0x00000000eab00000, 0x00000000eae80000, 0x0000000100000000)
  eden space 1536K, 0% used [0x00000000eab00000,0x00000000eab00000,0x00000000eac80000)
  from space 512K, 56% used [0x00000000eae00000,0x00000000eae48000,0x00000000eae80000)
  to   space 512K, 0% used [0x00000000ead80000,0x00000000ead80000,0x00000000eae00000)
 ParOldGen       total 603136K, used 602715K [0x00000000c0000000, 0x00000000e4d00000, 0x00000000eab00000)
  object space 603136K, 99% used [0x00000000c0000000,0x00000000e4c96d48,0x00000000e4d00000)
 Metaspace       used 77357K, committed 79040K, reserved 1179648K
  class space    used 8052K, committed 8832K, reserved 1048576K
}
Event: 739.753 GC heap before
{Heap before GC invocations=496 (full 3):
 PSYoungGen      total 2048K, used 1824K [0x00000000eab00000, 0x00000000eae80000, 0x0000000100000000)
  eden space 1536K, 100% used [0x00000000eab00000,0x00000000eac80000,0x00000000eac80000)
  from space 512K, 56% used [0x00000000eae00000,0x00000000eae48000,0x00000000eae80000)
  to   space 512K, 0% used [0x00000000ead80000,0x00000000ead80000,0x00000000eae00000)
 ParOldGen       total 603136K, used 602715K [0x00000000c0000000, 0x00000000e4d00000, 0x00000000eab00000)
  object space 603136K, 99% used [0x00000000c0000000,0x00000000e4c96d48,0x00000000e4d00000)
 Metaspace       used 77546K, committed 79168K, reserved 1179648K
  class space    used 8092K, committed 8832K, reserved 1048576K
}
Event: 739.756 GC heap after
{Heap after GC invocations=496 (full 3):
 PSYoungGen      total 2048K, used 288K [0x00000000eab00000, 0x00000000eae80000, 0x0000000100000000)
  eden space 1536K, 0% used [0x00000000eab00000,0x00000000eab00000,0x00000000eac80000)
  from space 512K, 56% used [0x00000000ead80000,0x00000000eadc8000,0x00000000eae00000)
  to   space 512K, 0% used [0x00000000eae00000,0x00000000eae00000,0x00000000eae80000)
 ParOldGen       total 603136K, used 602811K [0x00000000c0000000, 0x00000000e4d00000, 0x00000000eab00000)
  object space 603136K, 99% used [0x00000000c0000000,0x00000000e4caed48,0x00000000e4d00000)
 Metaspace       used 77546K, committed 79168K, reserved 1179648K
  class space    used 8092K, committed 8832K, reserved 1048576K
}
Event: 739.851 GC heap before
{Heap before GC invocations=497 (full 3):
 PSYoungGen      total 2048K, used 1824K [0x00000000eab00000, 0x00000000eae80000, 0x0000000100000000)
  eden space 1536K, 100% used [0x00000000eab00000,0x00000000eac80000,0x00000000eac80000)
  from space 512K, 56% used [0x00000000ead80000,0x00000000eadc8000,0x00000000eae00000)
  to   space 512K, 0% used [0x00000000eae00000,0x00000000eae00000,0x00000000eae80000)
 ParOldGen       total 603136K, used 602811K [0x00000000c0000000, 0x00000000e4d00000, 0x00000000eab00000)
  object space 603136K, 99% used [0x00000000c0000000,0x00000000e4caed48,0x00000000e4d00000)
 Metaspace       used 77766K, committed 79424K, reserved 1179648K
  class space    used 8117K, committed 8896K, reserved 1048576K
}
Event: 739.855 GC heap after
{Heap after GC invocations=497 (full 3):
 PSYoungGen      total 2048K, used 288K [0x00000000eab00000, 0x00000000eae80000, 0x0000000100000000)
  eden space 1536K, 0% used [0x00000000eab00000,0x00000000eab00000,0x00000000eac80000)
  from space 512K, 56% used [0x00000000eae00000,0x00000000eae48000,0x00000000eae80000)
  to   space 512K, 0% used [0x00000000ead80000,0x00000000ead80000,0x00000000eae00000)
 ParOldGen       total 603136K, used 602899K [0x00000000c0000000, 0x00000000e4d00000, 0x00000000eab00000)
  object space 603136K, 99% used [0x00000000c0000000,0x00000000e4cc4d48,0x00000000e4d00000)
 Metaspace       used 77766K, committed 79424K, reserved 1179648K
  class space    used 8117K, committed 8896K, reserved 1048576K
}
Event: 739.965 GC heap before
{Heap before GC invocations=498 (full 3):
 PSYoungGen      total 2048K, used 1824K [0x00000000eab00000, 0x00000000eae80000, 0x0000000100000000)
  eden space 1536K, 100% used [0x00000000eab00000,0x00000000eac80000,0x00000000eac80000)
  from space 512K, 56% used [0x00000000eae00000,0x00000000eae48000,0x00000000eae80000)
  to   space 512K, 0% used [0x00000000ead80000,0x00000000ead80000,0x00000000eae00000)
 ParOldGen       total 603136K, used 602899K [0x00000000c0000000, 0x00000000e4d00000, 0x00000000eab00000)
  object space 603136K, 99% used [0x00000000c0000000,0x00000000e4cc4d48,0x00000000e4d00000)
 Metaspace       used 77904K, committed 79552K, reserved 1179648K
  class space    used 8140K, committed 8896K, reserved 1048576K
}
Event: 739.968 GC heap after
{Heap after GC invocations=498 (full 3):
 PSYoungGen      total 2048K, used 320K [0x00000000eab00000, 0x00000000eae80000, 0x0000000100000000)
  eden space 1536K, 0% used [0x00000000eab00000,0x00000000eab00000,0x00000000eac80000)
  from space 512K, 62% used [0x00000000ead80000,0x00000000eadd0000,0x00000000eae00000)
  to   space 512K, 0% used [0x00000000eae00000,0x00000000eae00000,0x00000000eae80000)
 ParOldGen       total 603136K, used 602963K [0x00000000c0000000, 0x00000000e4d00000, 0x00000000eab00000)
  object space 603136K, 99% used [0x00000000c0000000,0x00000000e4cd4d48,0x00000000e4d00000)
 Metaspace       used 77904K, committed 79552K, reserved 1179648K
  class space    used 8140K, committed 8896K, reserved 1048576K
}
Event: 740.325 GC heap before
{Heap before GC invocations=499 (full 3):
 PSYoungGen      total 2048K, used 1856K [0x00000000eab00000, 0x00000000eae80000, 0x0000000100000000)
  eden space 1536K, 100% used [0x00000000eab00000,0x00000000eac80000,0x00000000eac80000)
  from space 512K, 62% used [0x00000000ead80000,0x00000000eadd0000,0x00000000eae00000)
  to   space 512K, 0% used [0x00000000eae00000,0x00000000eae00000,0x00000000eae80000)
 ParOldGen       total 603136K, used 602963K [0x00000000c0000000, 0x00000000e4d00000, 0x00000000eab00000)
  object space 603136K, 99% used [0x00000000c0000000,0x00000000e4cd4d48,0x00000000e4d00000)
 Metaspace       used 77904K, committed 79552K, reserved 1179648K
  class space    used 8140K, committed 8896K, reserved 1048576K
}
Event: 740.327 GC heap after
{Heap after GC invocations=499 (full 3):
 PSYoungGen      total 2048K, used 352K [0x00000000eab00000, 0x00000000eae80000, 0x0000000100000000)
  eden space 1536K, 0% used [0x00000000eab00000,0x00000000eab00000,0x00000000eac80000)
  from space 512K, 68% used [0x00000000eae00000,0x00000000eae58000,0x00000000eae80000)
  to   space 512K, 0% used [0x00000000ead80000,0x00000000ead80000,0x00000000eae00000)
 ParOldGen       total 603136K, used 603035K [0x00000000c0000000, 0x00000000e4d00000, 0x00000000eab00000)
  object space 603136K, 99% used [0x00000000c0000000,0x00000000e4ce6d48,0x00000000e4d00000)
 Metaspace       used 77904K, committed 79552K, reserved 1179648K
  class space    used 8140K, committed 8896K, reserved 1048576K
}
Event: 740.360 GC heap before
{Heap before GC invocations=500 (full 3):
 PSYoungGen      total 2048K, used 1877K [0x00000000eab00000, 0x00000000eae80000, 0x0000000100000000)
  eden space 1536K, 99% used [0x00000000eab00000,0x00000000eac7d658,0x00000000eac80000)
  from space 512K, 68% used [0x00000000eae00000,0x00000000eae58000,0x00000000eae80000)
  to   space 512K, 0% used [0x00000000ead80000,0x00000000ead80000,0x00000000eae00000)
 ParOldGen       total 603136K, used 603035K [0x00000000c0000000, 0x00000000e4d00000, 0x00000000eab00000)
  object space 603136K, 99% used [0x00000000c0000000,0x00000000e4ce6d48,0x00000000e4d00000)
 Metaspace       used 78089K, committed 79744K, reserved 1179648K
  class space    used 8151K, committed 8896K, reserved 1048576K
}
Event: 740.362 GC heap after
{Heap after GC invocations=500 (full 3):
 PSYoungGen      total 2048K, used 352K [0x00000000eab00000, 0x00000000eae80000, 0x0000000100000000)
  eden space 1536K, 0% used [0x00000000eab00000,0x00000000eab00000,0x00000000eac80000)
  from space 512K, 68% used [0x00000000ead80000,0x00000000eadd8000,0x00000000eae00000)
  to   space 512K, 0% used [0x00000000eae00000,0x00000000eae00000,0x00000000eae80000)
 ParOldGen       total 603648K, used 603264K [0x00000000c0000000, 0x00000000e4d80000, 0x00000000eab00000)
  object space 603648K, 99% used [0x00000000c0000000,0x00000000e4d201d8,0x00000000e4d80000)
 Metaspace       used 78089K, committed 79744K, reserved 1179648K
  class space    used 8151K, committed 8896K, reserved 1048576K
}
Event: 740.408 GC heap before
{Heap before GC invocations=501 (full 3):
 PSYoungGen      total 2048K, used 1845K [0x00000000eab00000, 0x00000000eae80000, 0x0000000100000000)
  eden space 1536K, 97% used [0x00000000eab00000,0x00000000eac75438,0x00000000eac80000)
  from space 512K, 68% used [0x00000000ead80000,0x00000000eadd8000,0x00000000eae00000)
  to   space 512K, 0% used [0x00000000eae00000,0x00000000eae00000,0x00000000eae80000)
 ParOldGen       total 603648K, used 603264K [0x00000000c0000000, 0x00000000e4d80000, 0x00000000eab00000)
  object space 603648K, 99% used [0x00000000c0000000,0x00000000e4d201d8,0x00000000e4d80000)
 Metaspace       used 78288K, committed 79872K, reserved 1179648K
  class space    used 8171K, committed 8896K, reserved 1048576K
}
Event: 740.411 GC heap after
{Heap after GC invocations=501 (full 3):
 PSYoungGen      total 2048K, used 306K [0x00000000eab00000, 0x00000000eae80000, 0x0000000100000000)
  eden space 1536K, 0% used [0x00000000eab00000,0x00000000eab00000,0x00000000eac80000)
  from space 512K, 59% used [0x00000000eae00000,0x00000000eae4c998,0x00000000eae80000)
  to   space 512K, 0% used [0x00000000ead80000,0x00000000ead80000,0x00000000eae00000)
 ParOldGen       total 603648K, used 603480K [0x00000000c0000000, 0x00000000e4d80000, 0x00000000eab00000)
  object space 603648K, 99% used [0x00000000c0000000,0x00000000e4d561d8,0x00000000e4d80000)
 Metaspace       used 78288K, committed 79872K, reserved 1179648K
  class space    used 8171K, committed 8896K, reserved 1048576K
}

